============================================================================
| ACPYPE: AnteChamber PYthon Parser interfacE v. 2023.10.27 (c) 2026 AWSdS |
============================================================================
DEBUG: CLI: -i carvacrol_docked.mol2 -c bcc -a gaff2 -n 0 -b carvacrol_docked
DEBUG: Python Version 3.10.20 | packaged by conda-forge | (main, Mar 5 2026, 16:59:46) [Clang 19.1.7 ]
DEBUG: Max execution time tolerance is 3h
DEBUG: /Users/erdalbalcan/miniconda3/envs/mol-sim/bin/antechamber -dr no -i carvacrol_docked.mol2 -fi mol2 -o tmp -fo ac -pf y
DEBUG: Info: The atom type is set to gaff; the options available to the -at flag are
 gaff, gaff2, amber, bcc, abcg2, and sybyl.

Warning: The assigned bond types may be wrong, please :
(1) double check the structure (the connectivity) and/or 
(2) adjust atom valence penalty parameters in APS.DAT, and/or 
(3) increase PSCUTOFF in define.h and recompile bondtype.c
 (be cautious, using a large value of PSCUTOFF (>100) will 
 significantly increase the computation time).

DEBUG: setResNameCheckCoords done
DEBUG: Net charge drift '0.000000'
==> ... charge set to 0
==> Executing Antechamber...
DEBUG: /Users/erdalbalcan/miniconda3/envs/mol-sim/bin/antechamber -dr no -i carvacrol_docked.mol2 -fi mol2 -o carvacrol_docked_bcc_gaff2.mol2 -fo mol2 -c bcc -nc 0 -m 1 -s 2 -df 2 -at gaff2 -pf n 
DEBUG: No file left to be removed
ERROR: ++++++++++start_quote+++++++++++++++++++++++++++++++++++++++++++++++++++++++++++
ERROR: Info: The atom type is set to gaff2; the options available to the -at flag are
 gaff, gaff2, amber, bcc, abcg2, and sybyl.

Info: Finished reading file (carvacrol_docked.mol2); atoms read (12), bonds read (12).
Info: Determining atomic numbers from atomic symbols which are case sensitive.
Running: /Users/erdalbalcan/miniconda3/envs/mol-sim/bin/bondtype -j full -i ANTECHAMBER_BOND_TYPE.AC0 -o ANTECHAMBER_BOND_TYPE.AC -f ac
Warning: The assigned bond types may be wrong, please :
(1) double check the structure (the connectivity) and/or 
(2) adjust atom valence penalty parameters in APS.DAT, and/or 
(3) increase PSCUTOFF in define.h and recompile bondtype.c
 (be cautious, using a large value of PSCUTOFF (>100) will 
 significantly increase the computation time).

Running: /Users/erdalbalcan/miniconda3/envs/mol-sim/bin/atomtype -i ANTECHAMBER_AC.AC0 -o ANTECHAMBER_AC.AC -p gaff2
Info: Total number of electrons: 69; net charge: 0
Info: The number of electrons is odd (69).
 Please check the total charge (-nc flag) and spin multiplicity (-m flag).

Running: /Users/erdalbalcan/miniconda3/envs/mol-sim/bin/sqm -O -i sqm.in -o sqm.out
/Users/erdalbalcan/miniconda3/envs/mol-sim/bin/wrapped_progs/antechamber: Fatal Error!
Cannot properly run "/Users/erdalbalcan/miniconda3/envs/mol-sim/bin/sqm -O -i sqm.in -o sqm.out".

ERROR: ++++++++++end_quote+++++++++++++++++++++++++++++++++++++++++++++++++++++++++++++
ERROR: Antechamber failed
DEBUG: /Users/erdalbalcan/miniconda3/envs/mol-sim/bin/parmchk2 -i carvacrol_docked_bcc_gaff2.mol2 -f mol2 -o carvacrol_docked_AC.frcmod -s 2
ERROR: ++++++++++start_quote+++++++++++++++++++++++++++++++++++++++++++++++++++++++++++
ERROR: Cannot open file (carvacrol_docked_bcc_gaff2.mol2) with mode (r).
No such file or directory
ERROR: ++++++++++end_quote+++++++++++++++++++++++++++++++++++++++++++++++++++++++++++++
ERROR: Parmchk failed
ERROR: Tleap failed
==> Removing temporary files...
ERROR: ACPYPE FAILED: [Errno 2] No such file or directory: 'carvacrol_docked_AC.prmtop'
Traceback (most recent call last):
  File "/Users/erdalbalcan/miniconda3/envs/mol-sim/lib/python3.10/site-packages/acpype/cli.py", line 138, in init_main
    molecule.createMolTopol()
  File "/Users/erdalbalcan/miniconda3/envs/mol-sim/lib/python3.10/site-packages/acpype/topol.py", line 1115, in createMolTopol
    self.topFileData = open(self.acTopFileName).readlines()
FileNotFoundError: [Errno 2] No such file or directory: 'carvacrol_docked_AC.prmtop'
Total time of execution: less than a second
DEBUG: No tmp folder left to be removed
